# JRE version: Java(TM) SE Runtime Environment (8.0_65-b17) (build 1.8.0_65-b17)
# Java VM: Java HotSpot(TM) 64-Bit Server VM (25.65-b01 mixed mode windows-amd64 compressed oops)
Heap:
 PSYoungGen      total 204800K, used 168050K [0x00000000d5d00000, 0x00000000e3580000, 0x0000000100000000)
  eden space 190976K, 81% used [0x00000000d5d00000,0x00000000df520578,0x00000000e1780000)
  from space 13824K, 88% used [0x00000000e2800000,0x00000000e33fc580,0x00000000e3580000)
  to   space 15360K, 0% used [0x00000000e1780000,0x00000000e1780000,0x00000000e2680000)
 ParOldGen       total 100864K, used 23189K [0x0000000081600000, 0x0000000087880000, 0x00000000d5d00000)
  object space 100864K, 22% used [0x0000000081600000,0x0000000082ca5618,0x0000000087880000)
 Metaspace       used 50188K, capacity 50672K, committed 51200K, reserved 1093632K
  class space    used 6444K, capacity 6569K, committed 6656K, reserved 1048576K
GC Heap History (10 events):
Event: 4.142 GC heap before
{Heap before GC invocations=8 (full 1):
 PSYoungGen      total 112640K, used 107652K [0x00000000d5d00000, 0x00000000dd680000, 0x0000000100000000)
  eden space 101376K, 100% used [0x00000000d5d00000,0x00000000dc000000,0x00000000dc000000)
  from space 11264K, 55% used [0x00000000dca80000,0x00000000dd0a1250,0x00000000dd580000)
  to   space 10752K, 0% used [0x00000000dc000000,0x00000000dc000000,0x00000000dca80000)
 ParOldGen       total 62976K, used 10295K [0x0000000081600000, 0x0000000085380000, 0x00000000d5d00000)
  object space 62976K, 16% used [0x0000000081600000,0x000000008200de28,0x0000000085380000)
 Metaspace       used 26042K, capacity 26372K, committed 26624K, reserved 1073152K
  class space    used 3207K, capacity 3309K, committed 3328K, reserved 1048576K
Event: 4.154 GC heap after
Heap after GC invocations=8 (full 1):
 PSYoungGen      total 112128K, used 8132K [0x00000000d5d00000, 0x00000000e0600000, 0x0000000100000000)
  eden space 101376K, 0% used [0x00000000d5d00000,0x00000000d5d00000,0x00000000dc000000)
  from space 10752K, 75% used [0x00000000dc000000,0x00000000dc7f1130,0x00000000dca80000)
  to   space 10752K, 0% used [0x00000000dfb80000,0x00000000dfb80000,0x00000000e0600000)
 ParOldGen       total 62976K, used 10303K [0x0000000081600000, 0x0000000085380000, 0x00000000d5d00000)
  object space 62976K, 16% used [0x0000000081600000,0x000000008200fe28,0x0000000085380000)
 Metaspace       used 26042K, capacity 26372K, committed 26624K, reserved 1073152K
  class space    used 3207K, capacity 3309K, committed 3328K, reserved 1048576K
}
Event: 5.042 GC heap before
{Heap before GC invocations=9 (full 1):
 PSYoungGen      total 112128K, used 109508K [0x00000000d5d00000, 0x00000000e0600000, 0x0000000100000000)
  eden space 101376K, 100% used [0x00000000d5d00000,0x00000000dc000000,0x00000000dc000000)
  from space 10752K, 75% used [0x00000000dc000000,0x00000000dc7f1130,0x00000000dca80000)
  to   space 10752K, 0% used [0x00000000dfb80000,0x00000000dfb80000,0x00000000e0600000)
 ParOldGen       total 62976K, used 10303K [0x0000000081600000, 0x0000000085380000, 0x00000000d5d00000)
  object space 62976K, 16% used [0x0000000081600000,0x000000008200fe28,0x0000000085380000)
 Metaspace       used 29722K, capacity 30096K, committed 30464K, reserved 1075200K
  class space    used 3662K, capacity 3759K, committed 3840K, reserved 1048576K
Event: 5.078 GC heap after
Heap after GC invocations=9 (full 1):
 PSYoungGen      total 161280K, used 9952K [0x00000000d5d00000, 0x00000000e0980000, 0x0000000100000000)
  eden space 150528K, 0% used [0x00000000d5d00000,0x00000000d5d00000,0x00000000df000000)
  from space 10752K, 92% used [0x00000000dfb80000,0x00000000e05383c8,0x00000000e0600000)
  to   space 11776K, 0% used [0x00000000df000000,0x00000000df000000,0x00000000dfb80000)
 ParOldGen       total 62976K, used 10311K [0x0000000081600000, 0x0000000085380000, 0x00000000d5d00000)
  object space 62976K, 16% used [0x0000000081600000,0x0000000082011e28,0x0000000085380000)
 Metaspace       used 29722K, capacity 30096K, committed 30464K, reserved 1075200K
  class space    used 3662K, capacity 3759K, committed 3840K, reserved 1048576K
}
Event: 6.696 GC heap before
{Heap before GC invocations=10 (full 1):
 PSYoungGen      total 161280K, used 121357K [0x00000000d5d00000, 0x00000000e0980000, 0x0000000100000000)
  eden space 150528K, 74% used [0x00000000d5d00000,0x00000000dc9cb098,0x00000000df000000)
  from space 10752K, 92% used [0x00000000dfb80000,0x00000000e05383c8,0x00000000e0600000)
  to   space 11776K, 0% used [0x00000000df000000,0x00000000df000000,0x00000000dfb80000)
 ParOldGen       total 62976K, used 10311K [0x0000000081600000, 0x0000000085380000, 0x00000000d5d00000)
  object space 62976K, 16% used [0x0000000081600000,0x0000000082011e28,0x0000000085380000)
 Metaspace       used 34861K, capacity 35238K, committed 35496K, reserved 1081344K
  class space    used 4202K, capacity 4312K, committed 4352K, reserved 1048576K
Event: 6.720 GC heap after
Heap after GC invocations=10 (full 1):
 PSYoungGen      total 162304K, used 11754K [0x00000000d5d00000, 0x00000000e3600000, 0x0000000100000000)
  eden space 150528K, 0% used [0x00000000d5d00000,0x00000000d5d00000,0x00000000df000000)
  from space 11776K, 99% used [0x00000000df000000,0x00000000dfb7a8e0,0x00000000dfb80000)
  to   space 14336K, 0% used [0x00000000e2800000,0x00000000e2800000,0x00000000e3600000)
 ParOldGen       total 62976K, used 13364K [0x0000000081600000, 0x0000000085380000, 0x00000000d5d00000)
  object space 62976K, 21% used [0x0000000081600000,0x000000008230d338,0x0000000085380000)
 Metaspace       used 34861K, capacity 35238K, committed 35496K, reserved 1081344K
  class space    used 4202K, capacity 4312K, committed 4352K, reserved 1048576K
}
Event: 6.720 GC heap before
{Heap before GC invocations=11 (full 2):
 PSYoungGen      total 162304K, used 11754K [0x00000000d5d00000, 0x00000000e3600000, 0x0000000100000000)
  eden space 150528K, 0% used [0x00000000d5d00000,0x00000000d5d00000,0x00000000df000000)
  from space 11776K, 99% used [0x00000000df000000,0x00000000dfb7a8e0,0x00000000dfb80000)
  to   space 14336K, 0% used [0x00000000e2800000,0x00000000e2800000,0x00000000e3600000)
 ParOldGen       total 62976K, used 13364K [0x0000000081600000, 0x0000000085380000, 0x00000000d5d00000)
  object space 62976K, 21% used [0x0000000081600000,0x000000008230d338,0x0000000085380000)
 Metaspace       used 34861K, capacity 35238K, committed 35496K, reserved 1081344K
  class space    used 4202K, capacity 4312K, committed 4352K, reserved 1048576K
Event: 6.847 GC heap after
Heap after GC invocations=11 (full 2):
 PSYoungGen      total 162304K, used 0K [0x00000000d5d00000, 0x00000000e3600000, 0x0000000100000000)
  eden space 150528K, 0% used [0x00000000d5d00000,0x00000000d5d00000,0x00000000df000000)
  from space 11776K, 0% used [0x00000000df000000,0x00000000df000000,0x00000000dfb80000)
  to   space 14336K, 0% used [0x00000000e2800000,0x00000000e2800000,0x00000000e3600000)
 ParOldGen       total 100864K, used 23181K [0x0000000081600000, 0x0000000087880000, 0x00000000d5d00000)
  object space 100864K, 22% used [0x0000000081600000,0x0000000082ca3618,0x0000000087880000)
 Metaspace       used 34861K, capacity 35238K, committed 35496K, reserved 1081344K
  class space    used 4202K, capacity 4312K, committed 4352K, reserved 1048576K
}
Event: 8.605 GC heap before
{Heap before GC invocations=12 (full 2):
 PSYoungGen      total 162304K, used 150528K [0x00000000d5d00000, 0x00000000e3600000, 0x0000000100000000)
  eden space 150528K, 100% used [0x00000000d5d00000,0x00000000df000000,0x00000000df000000)
  from space 11776K, 0% used [0x00000000df000000,0x00000000df000000,0x00000000dfb80000)
  to   space 14336K, 0% used [0x00000000e2800000,0x00000000e2800000,0x00000000e3600000)
 ParOldGen       total 100864K, used 23181K [0x0000000081600000, 0x0000000087880000, 0x00000000d5d00000)
  object space 100864K, 22% used [0x0000000081600000,0x0000000082ca3618,0x0000000087880000)
 Metaspace       used 41618K, capacity 42008K, committed 42240K, reserved 1085440K
  class space    used 5269K, capacity 5371K, committed 5376K, reserved 1048576K
Event: 8.622 GC heap after
Heap after GC invocations=12 (full 2):
 PSYoungGen      total 204800K, used 12273K [0x00000000d5d00000, 0x00000000e3580000, 0x0000000100000000)
  eden space 190976K, 0% used [0x00000000d5d00000,0x00000000d5d00000,0x00000000e1780000)
  from space 13824K, 88% used [0x00000000e2800000,0x00000000e33fc580,0x00000000e3580000)
  to   space 15360K, 0% used [0x00000000e1780000,0x00000000e1780000,0x00000000e2680000)
 ParOldGen       total 100864K, used 23189K [0x0000000081600000, 0x0000000087880000, 0x00000000d5d00000)
  object space 100864K, 22% used [0x0000000081600000,0x0000000082ca5618,0x0000000087880000)
 Metaspace       used 41618K, capacity 42008K, committed 42240K, reserved 1085440K
  class space    used 5269K, capacity 5371K, committed 5376K, reserved 1048576K
}

